<?xml version="1.0" encoding="UTF-8"?>
<testng-results skipped="0" failed="0" ignored="0" total="3" passed="3">
  <reporter-output>
  </reporter-output>
  <suite name="Default suite" duration-ms="97137" started-at="2020-08-21T06:08:03Z" finished-at="2020-08-21T06:09:40Z">
    <groups>
    </groups>
    <test name="Default test" duration-ms="97137" started-at="2020-08-21T06:08:03Z" finished-at="2020-08-21T06:09:40Z">
      <class name="testcases.LoginPageTest">
        <test-method status="PASS" signature="setup()[pri:0, instance:testcases.LoginPageTest@29774679]" name="setup" is-config="true" duration-ms="27542" started-at="2020-08-21T11:38:08Z" finished-at="2020-08-21T11:38:36Z">
          <reporter-output>
          </reporter-output>
        </test-method> <!-- setup -->
        <test-method status="PASS" signature="loginTest(java.lang.String, java.lang.String)[pri:0, instance:testcases.LoginPageTest@29774679]" name="loginTest" duration-ms="11457" started-at="2020-08-21T11:38:36Z" data-provider="getLoginData" finished-at="2020-08-21T11:38:47Z">
          <params>
            <param index="0">
              <value>
                <![CDATA[sachinsharma]]>
              </value>
            </param>
            <param index="1">
              <value>
                <![CDATA[sachin123]]>
              </value>
            </param>
          </params>
          <reporter-output>
          </reporter-output>
        </test-method> <!-- loginTest -->
        <test-method status="PASS" signature="teardown()[pri:0, instance:testcases.LoginPageTest@29774679]" name="teardown" is-config="true" duration-ms="1716" started-at="2020-08-21T11:38:47Z" finished-at="2020-08-21T11:38:49Z">
          <reporter-output>
          </reporter-output>
        </test-method> <!-- teardown -->
        <test-method status="PASS" signature="setup()[pri:0, instance:testcases.LoginPageTest@29774679]" name="setup" is-config="true" duration-ms="13487" started-at="2020-08-21T11:38:49Z" finished-at="2020-08-21T11:39:02Z">
          <reporter-output>
          </reporter-output>
        </test-method> <!-- setup -->
        <test-method status="PASS" signature="loginTest(java.lang.String, java.lang.String)[pri:0, instance:testcases.LoginPageTest@29774679]" name="loginTest" duration-ms="11465" started-at="2020-08-21T11:39:02Z" data-provider="getLoginData" finished-at="2020-08-21T11:39:14Z">
          <params>
            <param index="0">
              <value>
                <![CDATA[gauravagarwal]]>
              </value>
            </param>
            <param index="1">
              <value>
                <![CDATA[gaurav123]]>
              </value>
            </param>
          </params>
          <reporter-output>
          </reporter-output>
        </test-method> <!-- loginTest -->
        <test-method status="PASS" signature="teardown()[pri:0, instance:testcases.LoginPageTest@29774679]" name="teardown" is-config="true" duration-ms="2079" started-at="2020-08-21T11:39:14Z" finished-at="2020-08-21T11:39:16Z">
          <reporter-output>
          </reporter-output>
        </test-method> <!-- teardown -->
        <test-method status="PASS" signature="setup()[pri:0, instance:testcases.LoginPageTest@29774679]" name="setup" is-config="true" duration-ms="11756" started-at="2020-08-21T11:39:16Z" finished-at="2020-08-21T11:39:28Z">
          <reporter-output>
          </reporter-output>
        </test-method> <!-- setup -->
        <test-method status="PASS" signature="loginTest(java.lang.String, java.lang.String)[pri:0, instance:testcases.LoginPageTest@29774679]" name="loginTest" duration-ms="11086" started-at="2020-08-21T11:39:28Z" data-provider="getLoginData" finished-at="2020-08-21T11:39:39Z">
          <params>
            <param index="0">
              <value is-null="true"/>
            </param>
            <param index="1">
              <value is-null="true"/>
            </param>
          </params>
          <reporter-output>
          </reporter-output>
        </test-method> <!-- loginTest -->
        <test-method status="PASS" signature="teardown()[pri:0, instance:testcases.LoginPageTest@29774679]" name="teardown" is-config="true" duration-ms="1556" started-at="2020-08-21T11:39:39Z" finished-at="2020-08-21T11:39:40Z">
          <reporter-output>
          </reporter-output>
        </test-method> <!-- teardown -->
      </class> <!-- testcases.LoginPageTest -->
    </test> <!-- Default test -->
  </suite> <!-- Default suite -->
</testng-results>
