<?xml version="1.0" encoding="UTF-8"?>
<!-- Generated by org.testng.reporters.JUnitXMLReporter -->
<testsuite hostname="Anamika" ignored="0" name="Default test" tests="3" failures="0" timestamp="21 Aug 2020 06:09:40 GMT" time="97.137" errors="0">
  <testcase name="loginTest" time="11.457" classname="testcases.LoginPageTest"/>
  <testcase name="loginTest" time="11.465" classname="testcases.LoginPageTest"/>
  <testcase name="loginTest" time="11.086" classname="testcases.LoginPageTest"/>
</testsuite> <!-- Default test -->
