<?xml version="1.0" encoding="UTF-8"?>
<!-- Generated by org.testng.reporters.JUnitReportReporter -->
<testsuite skipped="0" hostname="Anamika" name="testcases.LoginPageTest" tests="3" failures="0" timestamp="21 Aug 2020 06:09:41 GMT" time="92.144" errors="0">
  <testcase name="loginTest" time="26.289" classname="testcases.LoginPageTest"/>
  <testcase name="loginTest" time="24.769" classname="testcases.LoginPageTest"/>
  <testcase name="loginTest" time="41.086" classname="testcases.LoginPageTest"/>
</testsuite> <!-- testcases.LoginPageTest -->
